<?xml version="1.0" encoding="UTF-8"?>
<testng-results total="1" passed="0" failed="1" skipped="0">
  <reporter-output>
  </reporter-output>
  <suite started-at="2024-01-02T07:24:02Z" name="HIPI" finished-at="2024-01-02T07:25:18Z" duration-ms="76688">
    <groups>
    </groups>
    <test started-at="2024-01-02T07:24:02Z" name="AndroidHiPiNeo" finished-at="2024-01-02T07:25:18Z" duration-ms="76688">
      <class name="com.zee5.Android_HipiScripts.AndroidHiPiNeoP0">
        <test-method is-config="true" signature="AppLaunch()[pri:0, instance:com.zee5.Android_HipiScripts.AndroidHiPiNeoP0@557a1e2d]" started-at="2024-01-02T12:54:08Z" name="AppLaunch" finished-at="2024-01-02T12:54:18Z" duration-ms="9975" status="PASS">
          <reporter-output>
          </reporter-output>
        </test-method> <!-- AppLaunch -->
        <test-method signature="productTaggingP0(java.lang.String)[pri:26, instance:com.zee5.Android_HipiScripts.AndroidHiPiNeoP0@557a1e2d]" started-at="2024-01-02T12:54:18Z" name="productTaggingP0" finished-at="2024-01-02T12:55:15Z" duration-ms="56407" status="FAIL">
          <params>
            <param index="0">
              <value>
                <![CDATA[NonSubscribedUser]]>
              </value>
            </param>
          </params>
          <exception class="org.openqa.selenium.TimeoutException">
            <message>
              <![CDATA[Expected condition failed: waiting for presence of element located by: By.xpath: (//*[@id='rv_auto_suggestion']/*/*/*[@class='android.widget.TextView' and ./parent::*[@class='android.widget.LinearLayout' and ./parent::*[@id='rl_car']]])[1]| (//*[@resource-id='com.zee5.hipi:id/txtGenreName'])[1] | (//*[@resource-id='com.zee5.hipi:id/tvTitle'])[1] (tried for 5 second(s) with 500 milliseconds interval)]]>
            </message>
            <full-stacktrace>
              <![CDATA[org.openqa.selenium.TimeoutException: Expected condition failed: waiting for presence of element located by: By.xpath: (//*[@id='rv_auto_suggestion']/*/*/*[@class='android.widget.TextView' and ./parent::*[@class='android.widget.LinearLayout' and ./parent::*[@id='rl_car']]])[1]| (//*[@resource-id='com.zee5.hipi:id/txtGenreName'])[1] | (//*[@resource-id='com.zee5.hipi:id/tvTitle'])[1] (tried for 5 second(s) with 500 milliseconds interval)
	at org.openqa.selenium.support.ui.WebDriverWait.timeoutException(WebDriverWait.java:95)
	at org.openqa.selenium.support.ui.FluentWait.until(FluentWait.java:272)
	at com.utility.Utilities.findElement(Utilities.java:176)
	at com.utility.Utilities.explicitWaitVisibility(Utilities.java:1879)
	at com.business.zee.Zee5ApplicasterHipiNeoBusinessLogic.VideoRecordingSoundGreaterThan90Seconds_T2509(Zee5ApplicasterHipiNeoBusinessLogic.java:54537)
	at com.zee5.Android_HipiScripts.AndroidHiPiNeoP0.productTaggingP0(AndroidHiPiNeoP0.java:1174)
	at java.base/jdk.internal.reflect.NativeMethodAccessorImpl.invoke0(Native Method)
	at java.base/jdk.internal.reflect.NativeMethodAccessorImpl.invoke(NativeMethodAccessorImpl.java:77)
	at java.base/jdk.internal.reflect.DelegatingMethodAccessorImpl.invoke(DelegatingMethodAccessorImpl.java:43)
	at java.base/java.lang.reflect.Method.invoke(Method.java:568)
	at org.testng.internal.MethodInvocationHelper.invokeMethod(MethodInvocationHelper.java:86)
	at org.testng.internal.Invoker.invokeMethod(Invoker.java:643)
	at org.testng.internal.Invoker.invokeTestMethod(Invoker.java:820)
	at org.testng.internal.Invoker.invokeTestMethods(Invoker.java:1128)
	at org.testng.internal.TestMethodWorker.invokeTestMethods(TestMethodWorker.java:129)
	at org.testng.internal.TestMethodWorker.run(TestMethodWorker.java:112)
	at org.testng.TestRunner.privateRun(TestRunner.java:782)
	at org.testng.TestRunner.run(TestRunner.java:632)
	at org.testng.SuiteRunner.runTest(SuiteRunner.java:366)
	at org.testng.SuiteRunner.access$000(SuiteRunner.java:39)
	at org.testng.SuiteRunner$SuiteWorker.run(SuiteRunner.java:400)
	at org.testng.internal.thread.ThreadUtil$2.call(ThreadUtil.java:64)
	at java.base/java.util.concurrent.FutureTask.run(FutureTask.java:264)
	at java.base/java.util.concurrent.ThreadPoolExecutor.runWorker(ThreadPoolExecutor.java:1136)
	at java.base/java.util.concurrent.ThreadPoolExecutor$Worker.run(ThreadPoolExecutor.java:635)
	at java.base/java.lang.Thread.run(Thread.java:833)
Caused by: org.openqa.selenium.NoSuchElementException: An element could not be located on the page using the given search parameters.
For documentation on this error, please visit: https://www.seleniumhq.org/exceptions/no_such_element.html
Build info: version: '3.141.59', revision: 'e82be7d358', time: '2018-11-14T08:17:03'
System info: host: 'DESKTOP-077G3EM', ip: '192.168.0.32', os.name: 'Windows 10', os.arch: 'amd64', os.version: '10.0', java.version: '17.0.3'
Driver info: io.appium.java_client.android.AndroidDriver
Capabilities {appActivity: com.zee5.hipi.presentation...., appPackage: com.zee5.hipi, autoAcceptAlerts: true, automationName: uiautomator2, databaseEnabled: false, desired: {appActivity: com.zee5.hipi.presentation...., appPackage: com.zee5.hipi, autoAcceptAlerts: true, automationName: uiautomator2, deviceName: Android, newCommandTimeout: 300, noReset: false, platformName: android}, deviceApiLevel: 30, deviceManufacturer: realme, deviceModel: RMX3581, deviceName: 2713171100005492, deviceScreenDensity: 320, deviceScreenSize: 720x1600, deviceUDID: 2713171100005492, javascriptEnabled: true, locationContextEnabled: false, networkConnectionEnabled: true, newCommandTimeout: 300, noReset: false, pixelRatio: 2, platform: LINUX, platformName: Android, platformVersion: 11, statBarHeight: 64, takesScreenshot: true, viewportRect: {height: 1384, left: 0, top: 64, width: 720}, warnings: {}, webStorageEnabled: false}
Session ID: 0a8aef9a-464e-4c16-aff4-1dc0622307c3
*** Element info: {Using=xpath, value=(//*[@id='rv_auto_suggestion']/*/*/*[@class='android.widget.TextView' and ./parent::*[@class='android.widget.LinearLayout' and ./parent::*[@id='rl_car']]])[1]| (//*[@resource-id='com.zee5.hipi:id/txtGenreName'])[1] | (//*[@resource-id='com.zee5.hipi:id/tvTitle'])[1]}
	at jdk.internal.reflect.GeneratedConstructorAccessor67.newInstance(Unknown Source)
	at java.base/jdk.internal.reflect.DelegatingConstructorAccessorImpl.newInstance(DelegatingConstructorAccessorImpl.java:45)
	at java.base/java.lang.reflect.Constructor.newInstanceWithCaller(Constructor.java:499)
	at java.base/java.lang.reflect.Constructor.newInstance(Constructor.java:480)
	at org.openqa.selenium.remote.http.W3CHttpResponseCodec.createException(W3CHttpResponseCodec.java:187)
	at org.openqa.selenium.remote.http.W3CHttpResponseCodec.decode(W3CHttpResponseCodec.java:122)
	at org.openqa.selenium.remote.http.W3CHttpResponseCodec.decode(W3CHttpResponseCodec.java:49)
	at org.openqa.selenium.remote.HttpCommandExecutor.execute(HttpCommandExecutor.java:158)
	at io.appium.java_client.remote.AppiumCommandExecutor.execute(AppiumCommandExecutor.java:239)
	at org.openqa.selenium.remote.RemoteWebDriver.execute(RemoteWebDriver.java:552)
	at io.appium.java_client.DefaultGenericMobileDriver.execute(DefaultGenericMobileDriver.java:41)
	at io.appium.java_client.AppiumDriver.execute(AppiumDriver.java:1)
	at io.appium.java_client.android.AndroidDriver.execute(AndroidDriver.java:1)
	at org.openqa.selenium.remote.RemoteWebDriver.findElement(RemoteWebDriver.java:323)
	at io.appium.java_client.DefaultGenericMobileDriver.findElement(DefaultGenericMobileDriver.java:61)
	at io.appium.java_client.AppiumDriver.findElement(AppiumDriver.java:1)
	at io.appium.java_client.android.AndroidDriver.findElement(AndroidDriver.java:1)
	at org.openqa.selenium.remote.RemoteWebDriver.findElementByXPath(RemoteWebDriver.java:428)
	at io.appium.java_client.DefaultGenericMobileDriver.findElementByXPath(DefaultGenericMobileDriver.java:151)
	at io.appium.java_client.AppiumDriver.findElementByXPath(AppiumDriver.java:1)
	at io.appium.java_client.android.AndroidDriver.findElementByXPath(AndroidDriver.java:1)
	at org.openqa.selenium.By$ByXPath.findElement(By.java:353)
	at org.openqa.selenium.remote.RemoteWebDriver.findElement(RemoteWebDriver.java:315)
	at io.appium.java_client.DefaultGenericMobileDriver.findElement(DefaultGenericMobileDriver.java:57)
	at io.appium.java_client.AppiumDriver.findElement(AppiumDriver.java:1)
	at io.appium.java_client.android.AndroidDriver.findElement(AndroidDriver.java:1)
	at org.openqa.selenium.support.ui.ExpectedConditions$6.apply(ExpectedConditions.java:182)
	at org.openqa.selenium.support.ui.ExpectedConditions$6.apply(ExpectedConditions.java:179)
	at org.openqa.selenium.support.ui.FluentWait.until(FluentWait.java:249)
	... 24 more
]]>
            </full-stacktrace>
          </exception> <!-- org.openqa.selenium.TimeoutException -->
          <reporter-output>
          </reporter-output>
        </test-method> <!-- productTaggingP0 -->
        <test-method is-config="true" signature="tearDownApp()[pri:0, instance:com.zee5.Android_HipiScripts.AndroidHiPiNeoP0@557a1e2d]" started-at="2024-01-02T12:55:15Z" name="tearDownApp" finished-at="2024-01-02T12:55:18Z" duration-ms="2972" status="PASS">
          <reporter-output>
          </reporter-output>
        </test-method> <!-- tearDownApp -->
      </class> <!-- com.zee5.Android_HipiScripts.AndroidHiPiNeoP0 -->
    </test> <!-- AndroidHiPiNeo -->
  </suite> <!-- HIPI -->
</testng-results>
